<?xml version="1.0" encoding="UTF-8"?>
<testsuite name="com.nofriends.gigachat.GigaChatApiApplicationTests" tests="1" skipped="0" failures="0" errors="0" timestamp="2024-08-03T02:47:12" hostname="nitro" time="0.395">
  <properties/>
  <testcase name="contextLoads()" classname="com.nofriends.gigachat.GigaChatApiApplicationTests" time="0.395"/>
  <system-out><![CDATA[21:47:02.815 [Test worker] INFO org.springframework.test.context.support.AnnotationConfigContextLoaderUtils -- Could not detect default configuration classes for test class [com.nofriends.gigachat.GigaChatApiApplicationTests]: GigaChatApiApplicationTests does not declare any static, non-private, non-final, nested classes annotated with @Configuration.
21:47:02.890 [Test worker] INFO org.springframework.boot.test.context.SpringBootTestContextBootstrapper -- Found @SpringBootConfiguration com.nofriends.gigachat.GigaChatAPI for test class com.nofriends.gigachat.GigaChatApiApplicationTests

  .   ____          _            __ _ _
 /\\ / ___'_ __ _ _(_)_ __  __ _ \ \ \ \
( ( )\___ | '_ | '_| | '_ \/ _` | \ \ \ \
 \\/  ___)| |_)| | | | | || (_| |  ) ) ) )
  '  |____| .__|_| |_|_| |_\__, | / / / /
 =========|_|==============|___/=/_/_/_/

 :: Spring Boot ::                (v3.3.2)

2024-08-02T21:47:03.173-05:00  INFO 10951 --- [GigaChat API] [    Test worker] c.n.g.GigaChatApiApplicationTests        : Starting GigaChatApiApplicationTests using Java 21.0.4 with PID 10951 (started by nhrot in /home/nhrot/Programming/Kotlin/giga-chat-api)
2024-08-02T21:47:03.174-05:00  INFO 10951 --- [GigaChat API] [    Test worker] c.n.g.GigaChatApiApplicationTests        : No active profile set, falling back to 1 default profile: "default"
2024-08-02T21:47:03.661-05:00  INFO 10951 --- [GigaChat API] [    Test worker] .s.d.r.c.RepositoryConfigurationDelegate : Bootstrapping Spring Data JPA repositories in DEFAULT mode.
2024-08-02T21:47:03.694-05:00  INFO 10951 --- [GigaChat API] [    Test worker] .s.d.r.c.RepositoryConfigurationDelegate : Finished Spring Data repository scanning in 27 ms. Found 2 JPA repository interfaces.
2024-08-02T21:47:04.432-05:00  INFO 10951 --- [GigaChat API] [    Test worker] o.hibernate.jpa.internal.util.LogHelper  : HHH000204: Processing PersistenceUnitInfo [name: default]
2024-08-02T21:47:04.466-05:00  INFO 10951 --- [GigaChat API] [    Test worker] org.hibernate.Version                    : HHH000412: Hibernate ORM core version 6.5.2.Final
2024-08-02T21:47:04.491-05:00  INFO 10951 --- [GigaChat API] [    Test worker] o.h.c.internal.RegionFactoryInitiator    : HHH000026: Second-level cache disabled
2024-08-02T21:47:04.693-05:00  INFO 10951 --- [GigaChat API] [    Test worker] o.s.o.j.p.SpringPersistenceUnitInfo      : No LoadTimeWeaver setup: ignoring JPA class transformer
2024-08-02T21:47:04.715-05:00  INFO 10951 --- [GigaChat API] [    Test worker] com.zaxxer.hikari.HikariDataSource       : HikariPool-1 - Starting...
2024-08-02T21:47:07.143-05:00  INFO 10951 --- [GigaChat API] [    Test worker] com.zaxxer.hikari.pool.HikariPool        : HikariPool-1 - Added connection org.postgresql.jdbc.PgConnection@515940af
2024-08-02T21:47:07.144-05:00  INFO 10951 --- [GigaChat API] [    Test worker] com.zaxxer.hikari.HikariDataSource       : HikariPool-1 - Start completed.
2024-08-02T21:47:08.526-05:00  INFO 10951 --- [GigaChat API] [    Test worker] o.h.e.t.j.p.i.JtaPlatformInitiator       : HHH000489: No JTA platform available (set 'hibernate.transaction.jta.platform' to enable JTA platform integration)
2024-08-02T21:47:10.527-05:00  INFO 10951 --- [GigaChat API] [    Test worker] j.LocalContainerEntityManagerFactoryBean : Initialized JPA EntityManagerFactory for persistence unit 'default'
2024-08-02T21:47:10.953-05:00  INFO 10951 --- [GigaChat API] [    Test worker] o.s.d.j.r.query.QueryEnhancerFactory     : Hibernate is in classpath; If applicable, HQL parser will be used.
2024-08-02T21:47:12.152-05:00  INFO 10951 --- [GigaChat API] [    Test worker] o.s.b.a.e.web.EndpointLinksResolver      : Exposing 1 endpoint beneath base path '/actuator'
2024-08-02T21:47:12.216-05:00  INFO 10951 --- [GigaChat API] [    Test worker] o.s.m.s.b.SimpleBrokerMessageHandler     : Starting...
2024-08-02T21:47:12.216-05:00  INFO 10951 --- [GigaChat API] [    Test worker] o.s.m.s.b.SimpleBrokerMessageHandler     : BrokerAvailabilityEvent[available=true, SimpleBrokerMessageHandler [org.springframework.messaging.simp.broker.DefaultSubscriptionRegistry@5ab45d66]]
2024-08-02T21:47:12.217-05:00  INFO 10951 --- [GigaChat API] [    Test worker] o.s.m.s.b.SimpleBrokerMessageHandler     : Started.
2024-08-02T21:47:12.229-05:00  INFO 10951 --- [GigaChat API] [    Test worker] c.n.g.GigaChatApiApplicationTests        : Started GigaChatApiApplicationTests in 9.238 seconds (process running for 10.021)
]]></system-out>
  <system-err><![CDATA[WARNING: A Java agent has been loaded dynamically (/home/nhrot/.gradle/caches/modules-2/files-2.1/net.bytebuddy/byte-buddy-agent/1.14.18/417558ea01fe9f0e8a94af28b9469d281c4e3984/byte-buddy-agent-1.14.18.jar)
WARNING: If a serviceability tool is in use, please run with -XX:+EnableDynamicAgentLoading to hide this warning
WARNING: If a serviceability tool is not in use, please run with -Djdk.instrument.traceUsage for more information
WARNING: Dynamic loading of agents will be disallowed by default in a future release
]]></system-err>
</testsuite>
